<?xml version="1.0" encoding="UTF-8"?>
<robot generator="Robot 4.1.3 (Python 3.10.2 on win32)" generated="20220209 12:53:52.152" rpa="false" schemaversion="2">
<suite id="s1" name="Roboticproject" source="C:\Users\user\Desktop\roboticproject">
<suite id="s1-s1" name="Selenium Suite" source="C:\Users\user\Desktop\roboticproject\selenium_suite">
<suite id="s1-s1-s1" name="Orange Hrm Suite" source="C:\Users\user\Desktop\roboticproject\selenium_suite\orange_hrm_suite.robot">
<test id="s1-s1-s1-t1" name="Tc1 Valid Login">
<kw name="Append To Environment Variable" library="OperatingSystem">
<arg>path</arg>
<arg>${EXECDIR}\\driver</arg>
<doc>Appends given ``values`` to environment variable ``name``.</doc>
<msg timestamp="20220209 12:53:52.526" level="INFO">Environment variable 'path' set to value 'C:\python\python3102\Scripts\;C:\python\python3102\;C:\Program Files (x86)\Common Files\Oracle\Java\javapath;C:\Windows\system32;C:\Windows;C:\Windows\System32\Wbem;C:\Windows\System32\WindowsPowerShell\v1.0\;C:\Windows\System32\OpenSSH\;C:\Program Files (x86)\NVIDIA Corporation\PhysX\Common;C:\Program Files\NVIDIA Corporation\NVIDIA NvDLISR;C:\Program Files (x86)\Intel\Intel(R) Management Engine Components\DAL;C:\Program Files\Intel\Intel(R) Management Engine Components\DAL;C:\Program Files (x86)\Microsoft SQL Server\100\Tools\Binn\;C:\Program Files\Microsoft SQL Server\100\Tools\Binn\;C:\Program Files\Microsoft SQL Server\100\DTS\Binn\;C:\WINDOWS\system32;C:\WINDOWS;C:\WINDOWS\System32\Wbem;C:\WINDOWS\System32\WindowsPowerShell\v1.0\;C:\WINDOWS\System32\OpenSSH\;C:\Program Files\Git\cmd;C:\Users\user\AppData\Local\Microsoft\WindowsApps;;C:\Users\user\AppData\Local\Programs\Microsoft VS Code\bin;C:\Users\user\Desktop\roboticproject\driver'.</msg>
<status status="PASS" starttime="20220209 12:53:52.504" endtime="20220209 12:53:52.526"/>
</kw>
<kw name="Open Browser" library="SeleniumLibrary">
<arg>url=https://opensource-demo.orangehrmlive.com/</arg>
<arg>browser=edge</arg>
<doc>Opens a new browser instance to the optional ``url``.</doc>
<msg timestamp="20220209 12:53:52.527" level="INFO">Opening browser 'edge' to base url 'https://opensource-demo.orangehrmlive.com/'.</msg>
<status status="PASS" starttime="20220209 12:53:52.526" endtime="20220209 12:54:03.666"/>
</kw>
<kw name="Input Text" library="SeleniumLibrary">
<arg>id=txtUsername</arg>
<arg>Admin</arg>
<doc>Types the given ``text`` into the text field identified by ``locator``.</doc>
<msg timestamp="20220209 12:54:03.668" level="INFO">Typing text 'Admin' into text field 'id=txtUsername'.</msg>
<status status="PASS" starttime="20220209 12:54:03.667" endtime="20220209 12:54:03.801"/>
</kw>
<kw name="Input Password" library="SeleniumLibrary">
<arg>id=txtPassword</arg>
<arg>admin123</arg>
<doc>Types the given password into the text field identified by ``locator``.</doc>
<msg timestamp="20220209 12:54:03.802" level="INFO">Typing password into text field 'id=txtPassword'.</msg>
<msg timestamp="20220209 12:54:03.888" level="INFO">Temporally setting log level to: NONE</msg>
<msg timestamp="20220209 12:54:03.982" level="INFO">Log level changed from NONE to INFO.</msg>
<status status="PASS" starttime="20220209 12:54:03.801" endtime="20220209 12:54:03.983"/>
</kw>
<kw name="Click Element" library="SeleniumLibrary">
<arg>name=Submit</arg>
<doc>Click the element identified by ``locator``.</doc>
<msg timestamp="20220209 12:54:03.984" level="INFO">Clicking element 'name=Submit'.</msg>
<status status="PASS" starttime="20220209 12:54:03.983" endtime="20220209 12:54:09.301"/>
</kw>
<kw name="Get Location" library="SeleniumLibrary">
<var>${url}</var>
<doc>Returns the current browser window URL.</doc>
<msg timestamp="20220209 12:54:09.319" level="INFO">${url} = https://opensource-demo.orangehrmlive.com/index.php/dashboard</msg>
<status status="PASS" starttime="20220209 12:54:09.302" endtime="20220209 12:54:09.319"/>
</kw>
<kw name="Log To Console" library="BuiltIn">
<arg>${url}</arg>
<doc>Logs the given message to the console.</doc>
<status status="PASS" starttime="20220209 12:54:09.319" endtime="20220209 12:54:09.320"/>
</kw>
<kw name="Click Element" library="SeleniumLibrary">
<arg>id=welcome</arg>
<doc>Click the element identified by ``locator``.</doc>
<msg timestamp="20220209 12:54:09.322" level="INFO">Clicking element 'id=welcome'.</msg>
<status status="PASS" starttime="20220209 12:54:09.321" endtime="20220209 12:54:09.429"/>
</kw>
<kw name="Sleep" library="BuiltIn">
<arg>5s</arg>
<doc>Pauses the test executed for the given time.</doc>
<msg timestamp="20220209 12:54:14.434" level="INFO">Slept 5 seconds</msg>
<status status="PASS" starttime="20220209 12:54:09.429" endtime="20220209 12:54:14.435"/>
</kw>
<kw name="Click Element" library="SeleniumLibrary">
<arg>link=Logout</arg>
<doc>Click the element identified by ``locator``.</doc>
<msg timestamp="20220209 12:54:14.436" level="INFO">Clicking element 'link=Logout'.</msg>
<status status="PASS" starttime="20220209 12:54:14.435" endtime="20220209 12:54:16.455"/>
</kw>
<kw name="Close Browser" library="SeleniumLibrary">
<doc>Closes the current browser.</doc>
<status status="PASS" starttime="20220209 12:54:16.455" endtime="20220209 12:54:20.276"/>
</kw>
<status status="PASS" starttime="20220209 12:53:52.503" endtime="20220209 12:54:20.276"/>
</test>
<status status="PASS" starttime="20220209 12:53:52.213" endtime="20220209 12:54:20.279"/>
</suite>
<status status="PASS" starttime="20220209 12:53:52.211" endtime="20220209 12:54:20.283"/>
</suite>
<status status="PASS" starttime="20220209 12:53:52.156" endtime="20220209 12:54:20.286"/>
</suite>
<statistics>
<total>
<stat pass="1" fail="0" skip="0">All Tests</stat>
</total>
<tag>
</tag>
<suite>
<stat pass="1" fail="0" skip="0" id="s1" name="Roboticproject">Roboticproject</stat>
<stat pass="1" fail="0" skip="0" id="s1-s1" name="Selenium Suite">Roboticproject.Selenium Suite</stat>
<stat pass="1" fail="0" skip="0" id="s1-s1-s1" name="Orange Hrm Suite">Roboticproject.Selenium Suite.Orange Hrm Suite</stat>
</suite>
</statistics>
<errors>
</errors>
</robot>
