<?xml version="1.0" encoding="UTF-8"?>
<robot generator="Robot 4.1.3 (Python 3.10.2 on win32)" generated="20220211 12:45:06.318" rpa="false" schemaversion="2">
<suite id="s1" name="Roboticproject" source="C:\Users\user\Desktop\roboticproject">
<suite id="s1-s1" name="Robot Suite" source="C:\Users\user\Desktop\roboticproject\robot_suite">
<suite id="s1-s1-s1" name="Demo5 Suite" source="C:\Users\user\Desktop\roboticproject\robot_suite\demo5_suite.robot">
<test id="s1-s1-s1-t1" name="TC1">
<kw name="Log To Console" library="BuiltIn">
<arg>${EXECDIR}${/}demo.txt</arg>
<doc>Logs the given message to the console.</doc>
<status status="PASS" starttime="20220211 12:45:06.356" endtime="20220211 12:45:06.357"/>
</kw>
<kw name="File Should Exist">
<arg>${EXECDIR}${/}demo.txt</arg>
<msg timestamp="20220211 12:45:06.358" level="FAIL">No keyword with name 'File Should Exist' found.</msg>
<status status="FAIL" starttime="20220211 12:45:06.358" endtime="20220211 12:45:06.358"/>
</kw>
<kw name="Get Binary File">
<var>${output}</var>
<arg>${EXECDIR}${/}demo.txt</arg>
<status status="NOT RUN" starttime="20220211 12:45:06.360" endtime="20220211 12:45:06.360"/>
</kw>
<kw name="Log To Console" library="BuiltIn">
<arg>${output}</arg>
<doc>Logs the given message to the console.</doc>
<status status="NOT RUN" starttime="20220211 12:45:06.360" endtime="20220211 12:45:06.360"/>
</kw>
<kw name="Log" library="BuiltIn">
<arg>${output}</arg>
<doc>Logs the given message with the given level.</doc>
<status status="NOT RUN" starttime="20220211 12:45:06.360" endtime="20220211 12:45:06.360"/>
</kw>
<status status="FAIL" starttime="20220211 12:45:06.356" endtime="20220211 12:45:06.360">No keyword with name 'File Should Exist' found.</status>
</test>
<test id="s1-s1-s1-t2" name="TC2">
<kw name="Copy File">
<arg>${EXECDIR}${/}demo.txt</arg>
<arg>${EXECDIR}${/}demo_new.txt</arg>
<msg timestamp="20220211 12:45:06.362" level="FAIL">No keyword with name 'Copy File' found.</msg>
<status status="FAIL" starttime="20220211 12:45:06.361" endtime="20220211 12:45:06.362"/>
</kw>
<status status="FAIL" starttime="20220211 12:45:06.360" endtime="20220211 12:45:06.362">No keyword with name 'Copy File' found.</status>
</test>
<test id="s1-s1-s1-t3" name="TC3">
<kw name="Remove File">
<arg>${EXECDIR}${/}demo_new.txt</arg>
<msg timestamp="20220211 12:45:06.363" level="FAIL">No keyword with name 'Remove File' found.</msg>
<status status="FAIL" starttime="20220211 12:45:06.363" endtime="20220211 12:45:06.363"/>
</kw>
<status status="FAIL" starttime="20220211 12:45:06.362" endtime="20220211 12:45:06.364">No keyword with name 'Remove File' found.</status>
</test>
<status status="FAIL" starttime="20220211 12:45:06.354" endtime="20220211 12:45:06.364"/>
</suite>
<status status="FAIL" starttime="20220211 12:45:06.352" endtime="20220211 12:45:06.365"/>
</suite>
<status status="FAIL" starttime="20220211 12:45:06.321" endtime="20220211 12:45:06.365"/>
</suite>
<statistics>
<total>
<stat pass="0" fail="3" skip="0">All Tests</stat>
</total>
<tag>
</tag>
<suite>
<stat pass="0" fail="3" skip="0" id="s1" name="Roboticproject">Roboticproject</stat>
<stat pass="0" fail="3" skip="0" id="s1-s1" name="Robot Suite">Roboticproject.Robot Suite</stat>
<stat pass="0" fail="3" skip="0" id="s1-s1-s1" name="Demo5 Suite">Roboticproject.Robot Suite.Demo5 Suite</stat>
</suite>
</statistics>
<errors>
</errors>
</robot>
